<?xml version="1.0" encoding="UTF-8"?>
<testng-results ignored="3" total="22" passed="19" failed="0" skipped="0">
  <reporter-output>
  </reporter-output>
  <suite started-at="2022-09-23T15:34:33 AMT" name="IQsoft API Integration" finished-at="2022-09-23T15:34:36 AMT" duration-ms="2333">
    <groups>
    </groups>
    <test started-at="2022-09-23T15:34:33 AMT" name="API Integration Automation Test" finished-at="2022-09-23T15:34:36 AMT" duration-ms="2333">
      <class name="testCases.API_1_GetUrl">
        <test-method is-config="true" signature="setup()[pri:0, instance:testCases.API_1_GetUrl@750e2b97]" started-at="2022-09-23T15:34:11 AMT" name="setup" finished-at="2022-09-23T15:34:33 AMT" duration-ms="22674" status="PASS">
          <reporter-output>
          </reporter-output>
        </test-method> <!-- setup -->
        <test-method is-config="true" signature="setUp()[pri:0, instance:testCases.API_1_GetUrl@750e2b97]" started-at="2022-09-23T15:34:34 AMT" name="setUp" finished-at="2022-09-23T15:34:35 AMT" duration-ms="1231" status="PASS">
          <reporter-output>
          </reporter-output>
        </test-method> <!-- setUp -->
        <test-method signature="getUrlValidateStatusCodGameLaunchAPI()[pri:1, instance:testCases.API_1_GetUrl@750e2b97]" started-at="2022-09-23T15:34:35 AMT" name="getUrlValidateStatusCodGameLaunchAPI" finished-at="2022-09-23T15:34:35 AMT" duration-ms="21" status="PASS">
          <reporter-output>
          </reporter-output>
        </test-method> <!-- getUrlValidateStatusCodGameLaunchAPI -->
        <test-method signature="getUrlValidateResponseCodEqualsZero()[pri:2, instance:testCases.API_1_GetUrl@750e2b97]" started-at="2022-09-23T15:34:35 AMT" name="getUrlValidateResponseCodEqualsZero" finished-at="2022-09-23T15:34:35 AMT" depends-on-methods="testCases.API_1_GetUrl.getUrlValidateStatusCodGameLaunchAPI" duration-ms="1" status="PASS">
          <reporter-output>
          </reporter-output>
        </test-method> <!-- getUrlValidateResponseCodEqualsZero -->
        <test-method signature="getUrlValidateDescriptionNotNull()[pri:3, instance:testCases.API_1_GetUrl@750e2b97]" started-at="2022-09-23T15:34:35 AMT" name="getUrlValidateDescriptionNotNull" finished-at="2022-09-23T15:34:35 AMT" depends-on-methods="testCases.API_1_GetUrl.getUrlValidateStatusCodGameLaunchAPI" duration-ms="2" status="PASS">
          <reporter-output>
          </reporter-output>
        </test-method> <!-- getUrlValidateDescriptionNotNull -->
        <test-method signature="getUrlValidateResponseObjectContainsHTTP()[pri:4, instance:testCases.API_1_GetUrl@750e2b97]" started-at="2022-09-23T15:34:35 AMT" name="getUrlValidateResponseObjectContainsHTTP" finished-at="2022-09-23T15:34:35 AMT" depends-on-methods="testCases.API_1_GetUrl.getUrlValidateStatusCodGameLaunchAPI" duration-ms="4" status="PASS">
          <reporter-output>
          </reporter-output>
        </test-method> <!-- getUrlValidateResponseObjectContainsHTTP -->
        <test-method signature="getUrlValidateAuthorizationTokenNotNull()[pri:5, instance:testCases.API_1_GetUrl@750e2b97]" started-at="2022-09-23T15:34:35 AMT" name="getUrlValidateAuthorizationTokenNotNull" finished-at="2022-09-23T15:34:35 AMT" depends-on-methods="testCases.API_1_GetUrl.getUrlValidateStatusCodGameLaunchAPI" duration-ms="3" status="PASS">
          <reporter-output>
          </reporter-output>
        </test-method> <!-- getUrlValidateAuthorizationTokenNotNull -->
        <test-method is-config="true" signature="tearDown()[pri:0, instance:testCases.API_1_GetUrl@750e2b97]" started-at="2022-09-23T15:34:35 AMT" name="tearDown" finished-at="2022-09-23T15:34:35 AMT" duration-ms="1" status="PASS">
          <reporter-output>
          </reporter-output>
        </test-method> <!-- tearDown -->
      </class> <!-- testCases.API_1_GetUrl -->
      <class name="testCases.API_3_GetBalance">
        <test-method is-config="true" signature="setUp()[pri:0, instance:testCases.API_3_GetBalance@644baf4a]" started-at="2022-09-23T15:34:35 AMT" name="setUp" finished-at="2022-09-23T15:34:36 AMT" duration-ms="275" status="PASS">
          <reporter-output>
          </reporter-output>
        </test-method> <!-- setUp -->
        <test-method signature="validateStatusCodGetBalanceAPI()[pri:1, instance:testCases.API_3_GetBalance@644baf4a]" started-at="2022-09-23T15:34:36 AMT" name="validateStatusCodGetBalanceAPI" finished-at="2022-09-23T15:34:36 AMT" duration-ms="2" status="PASS">
          <reporter-output>
          </reporter-output>
        </test-method> <!-- validateStatusCodGetBalanceAPI -->
        <test-method signature="GetBalanceValidateClientIDISNotNull()[pri:2, instance:testCases.API_3_GetBalance@644baf4a]" started-at="2022-09-23T15:34:36 AMT" name="GetBalanceValidateClientIDISNotNull" finished-at="2022-09-23T15:34:36 AMT" depends-on-methods="testCases.API_3_GetBalance.validateStatusCodGetBalanceAPI" duration-ms="2" status="PASS">
          <reporter-output>
          </reporter-output>
        </test-method> <!-- GetBalanceValidateClientIDISNotNull -->
        <test-method signature="GetBalanceValidateCurrencyIDEqualRequestCurrencyIDAndNotNull()[pri:3, instance:testCases.API_3_GetBalance@644baf4a]" started-at="2022-09-23T15:34:36 AMT" name="GetBalanceValidateCurrencyIDEqualRequestCurrencyIDAndNotNull" finished-at="2022-09-23T15:34:36 AMT" depends-on-methods="testCases.API_3_GetBalance.validateStatusCodGetBalanceAPI" duration-ms="1" status="PASS">
          <reporter-output>
          </reporter-output>
        </test-method> <!-- GetBalanceValidateCurrencyIDEqualRequestCurrencyIDAndNotNull -->
        <test-method signature="GetBalanceValidateBalanceNotNull()[pri:4, instance:testCases.API_3_GetBalance@644baf4a]" started-at="2022-09-23T15:34:36 AMT" name="GetBalanceValidateBalanceNotNull" finished-at="2022-09-23T15:34:36 AMT" depends-on-methods="testCases.API_3_GetBalance.validateStatusCodGetBalanceAPI" duration-ms="1" status="PASS">
          <reporter-output>
          </reporter-output>
        </test-method> <!-- GetBalanceValidateBalanceNotNull -->
        <test-method signature="GetBalanceValidateResponseCodEqualsZero()[pri:5, instance:testCases.API_3_GetBalance@644baf4a]" started-at="2022-09-23T15:34:36 AMT" name="GetBalanceValidateResponseCodEqualsZero" finished-at="2022-09-23T15:34:36 AMT" depends-on-methods="testCases.API_3_GetBalance.validateStatusCodGetBalanceAPI" duration-ms="2" status="PASS">
          <reporter-output>
          </reporter-output>
        </test-method> <!-- GetBalanceValidateResponseCodEqualsZero -->
        <test-method signature="GetBalanceValidateDescriptionEqualsNull()[pri:6, instance:testCases.API_3_GetBalance@644baf4a]" started-at="2022-09-23T15:34:36 AMT" name="GetBalanceValidateDescriptionEqualsNull" finished-at="2022-09-23T15:34:36 AMT" depends-on-methods="testCases.API_3_GetBalance.validateStatusCodGetBalanceAPI" duration-ms="1" status="PASS">
          <reporter-output>
          </reporter-output>
        </test-method> <!-- GetBalanceValidateDescriptionEqualsNull -->
        <test-method signature="GetBalanceValidateResponseObjectEqualsNull()[pri:7, instance:testCases.API_3_GetBalance@644baf4a]" started-at="2022-09-23T15:34:36 AMT" name="GetBalanceValidateResponseObjectEqualsNull" finished-at="2022-09-23T15:34:36 AMT" depends-on-methods="testCases.API_3_GetBalance.validateStatusCodGetBalanceAPI" duration-ms="2" status="PASS">
          <reporter-output>
          </reporter-output>
        </test-method> <!-- GetBalanceValidateResponseObjectEqualsNull -->
      </class> <!-- testCases.API_3_GetBalance -->
      <class name="testCases.API_2_Authorization">
        <test-method is-config="true" signature="setUp()[pri:0, instance:testCases.API_2_Authorization@f78a47e]" started-at="2022-09-23T15:34:35 AMT" name="setUp" finished-at="2022-09-23T15:34:35 AMT" duration-ms="320" status="PASS">
          <reporter-output>
          </reporter-output>
        </test-method> <!-- setUp -->
        <test-method signature="AuthorizationValidateStatusCodAuthorizationAPI()[pri:1, instance:testCases.API_2_Authorization@f78a47e]" started-at="2022-09-23T15:34:35 AMT" name="AuthorizationValidateStatusCodAuthorizationAPI" finished-at="2022-09-23T15:34:35 AMT" duration-ms="2" status="PASS">
          <reporter-output>
          </reporter-output>
        </test-method> <!-- AuthorizationValidateStatusCodAuthorizationAPI -->
        <test-method signature="AuthorizationValidateClientIDISNotNull()[pri:2, instance:testCases.API_2_Authorization@f78a47e]" started-at="2022-09-23T15:34:35 AMT" name="AuthorizationValidateClientIDISNotNull" finished-at="2022-09-23T15:34:35 AMT" depends-on-methods="testCases.API_2_Authorization.AuthorizationValidateStatusCodAuthorizationAPI" duration-ms="2" status="PASS">
          <reporter-output>
          </reporter-output>
        </test-method> <!-- AuthorizationValidateClientIDISNotNull -->
        <test-method signature="AuthorizationValidateCurrencyIDEqualRequestCurrencyIDAndNotNull()[pri:3, instance:testCases.API_2_Authorization@f78a47e]" started-at="2022-09-23T15:34:35 AMT" name="AuthorizationValidateCurrencyIDEqualRequestCurrencyIDAndNotNull" finished-at="2022-09-23T15:34:35 AMT" depends-on-methods="testCases.API_2_Authorization.AuthorizationValidateStatusCodAuthorizationAPI" duration-ms="7" status="PASS">
          <reporter-output>
          </reporter-output>
        </test-method> <!-- AuthorizationValidateCurrencyIDEqualRequestCurrencyIDAndNotNull -->
        <test-method signature="AuthorizationValidateBalanceNotNull()[pri:4, instance:testCases.API_2_Authorization@f78a47e]" started-at="2022-09-23T15:34:35 AMT" name="AuthorizationValidateBalanceNotNull" finished-at="2022-09-23T15:34:35 AMT" depends-on-methods="testCases.API_2_Authorization.AuthorizationValidateStatusCodAuthorizationAPI" duration-ms="2" status="PASS">
          <reporter-output>
          </reporter-output>
        </test-method> <!-- AuthorizationValidateBalanceNotNull -->
        <test-method signature="AuthorizationValidateResponseCodEqualsZero()[pri:5, instance:testCases.API_2_Authorization@f78a47e]" started-at="2022-09-23T15:34:35 AMT" name="AuthorizationValidateResponseCodEqualsZero" finished-at="2022-09-23T15:34:35 AMT" depends-on-methods="testCases.API_2_Authorization.AuthorizationValidateStatusCodAuthorizationAPI" duration-ms="1" status="PASS">
          <reporter-output>
          </reporter-output>
        </test-method> <!-- AuthorizationValidateResponseCodEqualsZero -->
        <test-method signature="AuthorizationValidateDescriptionEqualsNull()[pri:6, instance:testCases.API_2_Authorization@f78a47e]" started-at="2022-09-23T15:34:35 AMT" name="AuthorizationValidateDescriptionEqualsNull" finished-at="2022-09-23T15:34:35 AMT" depends-on-methods="testCases.API_2_Authorization.AuthorizationValidateStatusCodAuthorizationAPI" duration-ms="2" status="PASS">
          <reporter-output>
          </reporter-output>
        </test-method> <!-- AuthorizationValidateDescriptionEqualsNull -->
        <test-method signature="AuthorizationValidateResponseObjectEqualsNull()[pri:7, instance:testCases.API_2_Authorization@f78a47e]" started-at="2022-09-23T15:34:35 AMT" name="AuthorizationValidateResponseObjectEqualsNull" finished-at="2022-09-23T15:34:35 AMT" depends-on-methods="testCases.API_2_Authorization.AuthorizationValidateStatusCodAuthorizationAPI" duration-ms="1" status="PASS">
          <reporter-output>
          </reporter-output>
        </test-method> <!-- AuthorizationValidateResponseObjectEqualsNull -->
        <test-method is-config="true" signature="tearDown()[pri:0, instance:testCases.API_2_Authorization@f78a47e]" started-at="2022-09-23T15:34:36 AMT" name="tearDown" finished-at="2022-09-23T15:34:36 AMT" duration-ms="159" status="PASS">
          <reporter-output>
          </reporter-output>
        </test-method> <!-- tearDown -->
      </class> <!-- testCases.API_2_Authorization -->
    </test> <!-- API Integration Automation Test -->
  </suite> <!-- IQsoft API Integration -->
</testng-results>
