<?xml version="1.0" encoding="UTF-8"?>
<!-- Generated by org.testng.reporters.JUnitXMLReporter -->
<testsuite ignored="1" hostname="DESKTOP-PO3T4V3" failures="0" tests="12" name="API Integration Automation Test" time="2.503" errors="0" timestamp="2022-09-23T13:49:38 AMT">
  <testcase classname="testCases.API_1_GetUrl" name="validateStatusCodGameLaunchAPI" time="0.035"/>
  <testcase classname="testCases.API_1_GetUrl" name="validateResponseCodEqualsZero" time="0.004"/>
  <testcase classname="testCases.API_1_GetUrl" name="validateDescriptionNotNull" time="0.001"/>
  <testcase classname="testCases.API_1_GetUrl" name="validateResponseObjectContainsHTTP" time="0.005"/>
  <testcase classname="testCases.API_1_GetUrl" name="validateAuthorizationTokenNotNull" time="0.002"/>
  <testcase classname="testCases.API_2_Authorization" name="validateStatusCodAuthorizationAPI" time="0.004"/>
  <testcase classname="testCases.API_2_Authorization" name="validateClientIDISNotNull" time="0.001"/>
  <testcase classname="testCases.API_2_Authorization" name="validateCurrencyIDEqualRequestCurrencyIDAndNotNull" time="0.011"/>
  <testcase classname="testCases.API_2_Authorization" name="validateBalance" time="0.002"/>
  <testcase classname="testCases.API_2_Authorization" name="validateResponseCodEqualsZero" time="0.007"/>
  <testcase classname="testCases.API_2_Authorization" name="validateDescriptionNotNull" time="0.001"/>
  <testcase classname="testCases.API_2_Authorization" name="validateResponseObjectEqualsNull" time="0.003"/>
  <testcase classname="testCases.BaseTest" name="@BeforeSuite setup" time="0.0">
    <ignored/>
  </testcase> <!-- @BeforeSuite setup -->
</testsuite> <!-- API Integration Automation Test -->
