<?xml version="1.0" encoding="UTF-8"?>
<!-- Generated by org.testng.reporters.JUnitXMLReporter -->
<testsuite ignored="8" hostname="DESKTOP-PO3T4V3" failures="0" tests="39" name="API Integration Automation Test" time="11.72" errors="0" timestamp="2022-09-27T17:13:45 AMT">
  <testcase classname="testCases.API_1_GetUrl" name="getUrlAPIValidateStatusCod" time="0.025"/>
  <testcase classname="testCases.API_1_GetUrl" name="getUrlAPIValidateResponseCodEqualsZero" time="0.001"/>
  <testcase classname="testCases.API_1_GetUrl" name="getUrlAPIValidateDescriptionNotNull" time="0.002"/>
  <testcase classname="testCases.API_1_GetUrl" name="getUrlAPIValidateResponseObjectContainsHTTP" time="0.005"/>
  <testcase classname="testCases.API_1_GetUrl" name="getUrlAPIValidateAuthorizationTokenNotNull" time="0.002"/>
  <testcase classname="testCases.API_2_Authorization" name="AuthorizationAPIValidateStatusCod" time="0.001"/>
  <testcase classname="testCases.API_2_Authorization" name="AuthorizationAPIValidateClientIDISNotNull" time="0.001"/>
  <testcase classname="testCases.API_2_Authorization" name="AuthorizationAPIValidateCurrencyIDEqualRequestCurrencyIDAndNotNull" time="0.008"/>
  <testcase classname="testCases.API_2_Authorization" name="AuthorizationAPIValidateBalanceNotNull" time="0.0"/>
  <testcase classname="testCases.API_2_Authorization" name="AuthorizationAPIValidateResponseCodEqualsZero" time="0.002"/>
  <testcase classname="testCases.API_2_Authorization" name="AuthorizationAPIValidateDescriptionEqualsNull" time="0.002"/>
  <testcase classname="testCases.API_2_Authorization" name="AuthorizationAPIValidateResponseObjectEqualsNull" time="0.003"/>
  <testcase classname="testCases.API_3_GetBalance" name="GetBalanceAPIValidateStatusCod" time="0.006"/>
  <testcase classname="testCases.API_3_GetBalance" name="GetBalanceAPIValidateClientIDISNotNull" time="0.003"/>
  <testcase classname="testCases.API_3_GetBalance" name="GetBalanceAPIValidateCurrencyIDEqualRequestCurrencyIDAndNotNull" time="0.002"/>
  <testcase classname="testCases.API_3_GetBalance" name="GetBalanceAPIValidateBalanceNotNull" time="0.002"/>
  <testcase classname="testCases.API_3_GetBalance" name="GetBalanceAPIValidateResponseCodEqualsZero" time="0.001"/>
  <testcase classname="testCases.API_3_GetBalance" name="GetBalanceAPIValidateDescriptionEqualsNull" time="0.003"/>
  <testcase classname="testCases.API_3_GetBalance" name="GetBalanceAPIValidateResponseObjectEqualsNull" time="0.001"/>
  <testcase classname="testCases.API_4_Credit" name="CreditAPIValidateStatusCod" time="0.006"/>
  <testcase classname="testCases.API_4_Credit" name="CreditAPIValidateResponseCodEqualsZero" time="0.002"/>
  <testcase classname="testCases.API_4_Credit" name="CreditAPIValidateDescriptionEqualsNull" time="0.002"/>
  <testcase classname="testCases.API_4_Credit" name="CreditAPIValidateResponseObjectEqualsNull" time="0.002"/>
  <testcase classname="testCases.API_4_Credit" name="CreditAPIValidateBetIdNotNull" time="0.001"/>
  <testcase classname="testCases.API_4_Credit" name="CreditAPIValidateTransactionIdNotNull" time="0.002"/>
  <testcase classname="testCases.API_4_Credit" name="CreditAPIValidateClientID" time="0.003"/>
  <testcase classname="testCases.API_4_Credit" name="CreditAPIValidateCurrencyIdNotNull" time="0.002"/>
  <testcase classname="testCases.API_4_Credit" name="CreditAPIValidateBalance" time="4.206"/>
  <testcase classname="testCases.API_4_Credit" name="CreditAPIValidateBalanceAfterCreditGetBalance" time="0.337"/>
  <testcase classname="testCases.API_5_Debit" name="DebitAPIValidateStatusCod" time="0.002"/>
  <testcase classname="testCases.API_5_Debit" name="DebitAPIValidateResponseCodEqualsZero" time="0.002"/>
  <testcase classname="testCases.API_5_Debit" name="DebitAPIValidateDescriptionEqualsNull" time="0.002"/>
  <testcase classname="testCases.API_5_Debit" name="DebitAPIValidateResponseObjectEqualsNull" time="0.001"/>
  <testcase classname="testCases.API_5_Debit" name="CreditAPIValidateBetIdNotNull" time="0.001"/>
  <testcase classname="testCases.API_5_Debit" name="CreditAPIValidateTransactionIdNotNull" time="0.003"/>
  <testcase classname="testCases.API_5_Debit" name="CreditAPIValidateClientID" time="0.001"/>
  <testcase classname="testCases.API_5_Debit" name="DebitAPIValidateCurrencyIdNotNull" time="0.002"/>
  <testcase classname="testCases.API_5_Debit" name="CreditAPIValidateBalance" time="3.638"/>
  <testcase classname="testCases.API_5_Debit" name="CreditAPIValidateBalanceAfterCreditGetBalance" time="0.297"/>
  <testcase classname="testCases.BaseTest" name="@BeforeSuite setupSuite" time="0.0">
    <ignored/>
  </testcase> <!-- @BeforeSuite setupSuite -->
  <testcase classname="testCases.BaseTest" name="@AfterSuite tearDownSuite" time="0.0">
    <ignored/>
  </testcase> <!-- @AfterSuite tearDownSuite -->
  <testcase classname="testCases.BaseTest" name="@BeforeSuite setupSuite" time="0.0">
    <ignored/>
  </testcase> <!-- @BeforeSuite setupSuite -->
  <testcase classname="testCases.BaseTest" name="@AfterSuite tearDownSuite" time="0.0">
    <ignored/>
  </testcase> <!-- @AfterSuite tearDownSuite -->
  <testcase classname="testCases.BaseTest" name="@BeforeSuite setupSuite" time="0.0">
    <ignored/>
  </testcase> <!-- @BeforeSuite setupSuite -->
  <testcase classname="testCases.BaseTest" name="@AfterSuite tearDownSuite" time="0.0">
    <ignored/>
  </testcase> <!-- @AfterSuite tearDownSuite -->
  <testcase classname="testCases.BaseTest" name="@BeforeSuite setupSuite" time="0.0">
    <ignored/>
  </testcase> <!-- @BeforeSuite setupSuite -->
  <testcase classname="testCases.BaseTest" name="@AfterSuite tearDownSuite" time="0.0">
    <ignored/>
  </testcase> <!-- @AfterSuite tearDownSuite -->
</testsuite> <!-- API Integration Automation Test -->
